<?xml version="1.0" encoding="UTF-8"?>
<!-- Generated by org.testng.reporters.JUnitReportReporter -->
<testsuite skipped="0" hostname="Admin-PC" name="com.tests.CustomersPageTest" tests="1" failures="0" timestamp="20 Nov 2019 09:33:43 GMT" time="12.514" errors="0">
  <testcase name="verifyGetAllCustomersSize" time="12.514" classname="com.tests.CustomersPageTest"/>
</testsuite> <!-- com.tests.CustomersPageTest -->
