<?xml version="1.0" encoding="UTF-8"?>
<!-- Generated by org.testng.reporters.JUnitReportReporter -->
<testsuite skipped="0" hostname="Admin-PC" name="com.tests.HomePageTest" tests="2" failures="0" timestamp="20 Nov 2019 08:11:33 GMT" time="21.839" errors="0">
  <testcase name="verifyCustomersLink" time="11.189" classname="com.tests.HomePageTest"/>
  <testcase name="verifyOrdersLink" time="10.650" classname="com.tests.HomePageTest"/>
</testsuite> <!-- com.tests.HomePageTest -->
