<?xml version="1.0" encoding="UTF-8"?>
<!-- Generated by org.testng.reporters.JUnitReportReporter -->
<testsuite skipped="0" hostname="Admin-PC" name="com.tests.LoginPageTest" tests="3" failures="0" timestamp="20 Nov 2019 08:11:33 GMT" time="29.458" errors="0">
  <testcase name="verifyGetTitle" time="9.003" classname="com.tests.LoginPageTest"/>
  <testcase name="verifyLoginToGCR" time="10.791" classname="com.tests.LoginPageTest"/>
  <testcase name="verifyLoginToGCR" time="9.664" classname="com.tests.LoginPageTest"/>
</testsuite> <!-- com.tests.LoginPageTest -->
